Tue, 07 Aug 2018 09:49:19 log.py[line:146] INFO Scrapy 1.5.1 started (bot: companys_info)
Tue, 07 Aug 2018 09:49:19 log.py[line:149] INFO Versions: lxml 4.2.3.0, libxml2 2.9.8, cssselect 1.0.3, parsel 1.5.0, w3lib 1.19.0, Twisted 18.7.0, Python 3.6.5 (default, May  3 2018, 10:08:28) - [GCC 5.4.0 20160609], pyOpenSSL 18.0.0 (OpenSSL 1.1.0h  27 Mar 2018), cryptography 2.3, Platform Linux-4.4.0-131-generic-x86_64-with-Ubuntu-16.04-xenial
Tue, 07 Aug 2018 09:49:19 crawler.py[line:38] INFO Overridden settings: {'BOT_NAME': 'companys_info', 'COOKIES_ENABLED': False, 'DOWNLOAD_DELAY': 1, 'LOG_LEVEL': 'WARNING', 'NEWSPIDER_MODULE': 'companys_info.spiders', 'SPIDER_MODULES': ['companys_info.spiders']}
Tue, 07 Aug 2018 09:49:19 middleware.py[line:53] INFO Enabled extensions:
['scrapy.extensions.corestats.CoreStats',
 'scrapy.extensions.telnet.TelnetConsole',
 'scrapy.extensions.memusage.MemoryUsage',
 'scrapy.extensions.logstats.LogStats']
Tue, 07 Aug 2018 09:49:19 middleware.py[line:53] INFO Enabled downloader middlewares:
['scrapy.downloadermiddlewares.httpauth.HttpAuthMiddleware',
 'scrapy.downloadermiddlewares.downloadtimeout.DownloadTimeoutMiddleware',
 'scrapy.downloadermiddlewares.defaultheaders.DefaultHeadersMiddleware',
 'scrapy.downloadermiddlewares.useragent.UserAgentMiddleware',
 'scrapy.downloadermiddlewares.retry.RetryMiddleware',
 'scrapy.downloadermiddlewares.redirect.MetaRefreshMiddleware',
 'scrapy.downloadermiddlewares.httpcompression.HttpCompressionMiddleware',
 'scrapy.downloadermiddlewares.redirect.RedirectMiddleware',
 'scrapy.downloadermiddlewares.httpproxy.HttpProxyMiddleware',
 'scrapy.downloadermiddlewares.stats.DownloaderStats']
Tue, 07 Aug 2018 09:49:19 middleware.py[line:53] INFO Enabled spider middlewares:
['scrapy.spidermiddlewares.httperror.HttpErrorMiddleware',
 'scrapy.spidermiddlewares.offsite.OffsiteMiddleware',
 'scrapy.spidermiddlewares.referer.RefererMiddleware',
 'scrapy.spidermiddlewares.urllength.UrlLengthMiddleware',
 'scrapy.spidermiddlewares.depth.DepthMiddleware']
Tue, 07 Aug 2018 09:49:19 middleware.py[line:53] INFO Enabled item pipelines:
['pipelines.CompanysPipeline']
Tue, 07 Aug 2018 09:49:19 engine.py[line:256] INFO Spider opened
Tue, 07 Aug 2018 09:49:19 logstats.py[line:48] INFO Crawled 0 pages (at 0 pages/min), scraped 0 items (at 0 items/min)
Tue, 07 Aug 2018 09:49:19 telnet.py[line:60] DEBUG Telnet console listening on 127.0.0.1:6023
Tue, 07 Aug 2018 09:49:19 redirect.py[line:41] DEBUG Redirecting (301) to <GET https://www.tianyancha.com/search?key=%E6%B7%B1%E5%9C%B3%E5%B8%82%E8%BF%85%E9%9B%B7%E7%BD%91%E7%BB%9C%E6%8A%80%E6%9C%AF%E6%9C%89%E9%99%90%E5%85%AC%E5%8F%B8%0A> from <GET http://www.tianyancha.com/search?key=%E6%B7%B1%E5%9C%B3%E5%B8%82%E8%BF%85%E9%9B%B7%E7%BD%91%E7%BB%9C%E6%8A%80%E6%9C%AF%E6%9C%89%E9%99%90%E5%85%AC%E5%8F%B8%0A>
Tue, 07 Aug 2018 09:49:21 redirect.py[line:41] DEBUG Redirecting (301) to <GET https://www.tianyancha.com/search?key=%E6%B7%B1%E5%9C%B3%E9%91%AB%E7%A7%91%E5%9B%BD%E9%99%85%E5%95%86%E4%B8%9A%E4%BF%9D%E7%90%86%E6%9C%89%E9%99%90%E5%85%AC%E5%8F%B8> from <GET http://www.tianyancha.com/search?key=%E6%B7%B1%E5%9C%B3%E9%91%AB%E7%A7%91%E5%9B%BD%E9%99%85%E5%95%86%E4%B8%9A%E4%BF%9D%E7%90%86%E6%9C%89%E9%99%90%E5%85%AC%E5%8F%B8>
Tue, 07 Aug 2018 09:49:22 engine.py[line:238] DEBUG Crawled (200) <GET https://www.tianyancha.com/search?key=%E6%B7%B1%E5%9C%B3%E5%B8%82%E8%BF%85%E9%9B%B7%E7%BD%91%E7%BB%9C%E6%8A%80%E6%9C%AF%E6%9C%89%E9%99%90%E5%85%AC%E5%8F%B8%0A> (referer: https://www.tianyancha.com/)
Tue, 07 Aug 2018 09:49:23 engine.py[line:238] DEBUG Crawled (200) <GET https://www.tianyancha.com/search?key=%E6%B7%B1%E5%9C%B3%E9%91%AB%E7%A7%91%E5%9B%BD%E9%99%85%E5%95%86%E4%B8%9A%E4%BF%9D%E7%90%86%E6%9C%89%E9%99%90%E5%85%AC%E5%8F%B8> (referer: https://www.tianyancha.com/)
Tue, 07 Aug 2018 09:49:25 engine.py[line:238] DEBUG Crawled (200) <GET https://www.tianyancha.com/company/38470070> (referer: https://www.tianyancha.com/company/38470070)
Tue, 07 Aug 2018 09:49:25 pipelines.py[line:78] DEBUG Post added to MongoDB
Tue, 07 Aug 2018 09:49:25 scraper.py[line:237] DEBUG Scraped from <200 https://www.tianyancha.com/company/38470070>
{'agency_code': '746612636',
 'approval_date': '4360-63-61',
 'company_status': '存续',
 'credit_code': '91440300746612636Q',
 'industry': '软件和信息技术服务业',
 'legal_representative': '武可宁',
 'operating_period': '2003-01-29至2023-01-29',
 'registered_address': '深圳市南山区粤海街道科技中二路深圳软件园11号楼7、8层',
 'registered_capital': '3000',
 'registration_authority': '深圳市市场监督管理局',
 'registration_number': '440301103773964',
 'type_of_company': '有限责任公司'}
Tue, 07 Aug 2018 09:49:26 engine.py[line:238] DEBUG Crawled (200) <GET https://www.tianyancha.com/company/2349064299> (referer: https://www.tianyancha.com/company/2349064299)
Tue, 07 Aug 2018 09:49:26 pipelines.py[line:78] DEBUG Post added to MongoDB
Tue, 07 Aug 2018 09:49:26 scraper.py[line:237] DEBUG Scraped from <200 https://www.tianyancha.com/company/2349064299>
{'agency_code': '306188771',
 'approval_date': '4367-38-30',
 'company_status': '存续',
 'credit_code': '914403003061887712',
 'industry': '软件和信息技术服务业',
 'legal_representative': '尹江三',
 'operating_period': '2014-06-09至无固定期限',
 'registered_address': '深圳市前海深港合作区前湾一路1号A栋201室（入驻深圳市前海商务秘书有限公司）',
 'registered_capital': '15000',
 'registration_authority': '深圳市市场监督管理局',
 'registration_number': '440301109533515',
 'type_of_company': '有限责任公司'}
Tue, 07 Aug 2018 09:49:26 engine.py[line:295] INFO Closing spider (finished)
Tue, 07 Aug 2018 09:49:26 statscollectors.py[line:47] INFO Dumping Scrapy stats:
{'downloader/request_bytes': 3532,
 'downloader/request_count': 6,
 'downloader/request_method_count/GET': 6,
 'downloader/response_bytes': 108057,
 'downloader/response_count': 6,
 'downloader/response_status_count/200': 4,
 'downloader/response_status_count/301': 2,
 'finish_reason': 'finished',
 'finish_time': datetime.datetime(2018, 8, 7, 1, 49, 26, 782723),
 'item_scraped_count': 2,
 'memusage/max': 1142583296,
 'memusage/startup': 1142583296,
 'request_depth_max': 1,
 'response_received_count': 4,
 'scheduler/dequeued': 6,
 'scheduler/dequeued/memory': 6,
 'scheduler/enqueued': 6,
 'scheduler/enqueued/memory': 6,
 'start_time': datetime.datetime(2018, 8, 7, 1, 49, 19, 708903)}
Tue, 07 Aug 2018 09:49:26 engine.py[line:326] INFO Spider closed (finished)
